<?xml version="1.0" encoding="UTF-8"?>
<testng-results ignored="0" total="4" passed="4" failed="0" skipped="0">
  <reporter-output>
  </reporter-output>
  <suite started-at="2024-09-16T13:44:10 IST" name="Default suite" finished-at="2024-09-16T13:44:28 IST" duration-ms="18635">
    <groups>
    </groups>
    <test started-at="2024-09-16T13:44:10 IST" name="Default test" finished-at="2024-09-16T13:44:28 IST" duration-ms="18635">
      <class name="com.orangehrm.tests.LoginPageTest">
        <test-method is-config="true" signature="setUp()[pri:0, instance:com.orangehrm.tests.LoginPageTest@f79a760]" started-at="2024-09-16T13:44:10 IST" name="setUp" finished-at="2024-09-16T13:44:13 IST" duration-ms="3693" status="PASS">
          <reporter-output>
          </reporter-output>
        </test-method> <!-- setUp -->
        <test-method signature="verifyCurrentUrl()[pri:0, instance:com.orangehrm.tests.LoginPageTest@f79a760]" started-at="2024-09-16T13:44:13 IST" name="verifyCurrentUrl" finished-at="2024-09-16T13:44:13 IST" duration-ms="27" status="PASS">
          <reporter-output>
          </reporter-output>
        </test-method> <!-- verifyCurrentUrl -->
        <test-method is-config="true" signature="tearDown()[pri:0, instance:com.orangehrm.tests.LoginPageTest@f79a760]" started-at="2024-09-16T13:44:13 IST" name="tearDown" finished-at="2024-09-16T13:44:14 IST" duration-ms="245" status="PASS">
          <reporter-output>
          </reporter-output>
        </test-method> <!-- tearDown -->
        <test-method is-config="true" signature="setUp()[pri:0, instance:com.orangehrm.tests.LoginPageTest@f79a760]" started-at="2024-09-16T13:44:14 IST" name="setUp" finished-at="2024-09-16T13:44:15 IST" duration-ms="1758" status="PASS">
          <reporter-output>
          </reporter-output>
        </test-method> <!-- setUp -->
        <test-method signature="verifyTitle()[pri:1, instance:com.orangehrm.tests.LoginPageTest@f79a760]" started-at="2024-09-16T13:44:15 IST" name="verifyTitle" finished-at="2024-09-16T13:44:15 IST" duration-ms="16" status="PASS">
          <reporter-output>
          </reporter-output>
        </test-method> <!-- verifyTitle -->
        <test-method is-config="true" signature="tearDown()[pri:0, instance:com.orangehrm.tests.LoginPageTest@f79a760]" started-at="2024-09-16T13:44:15 IST" name="tearDown" finished-at="2024-09-16T13:44:16 IST" duration-ms="322" status="PASS">
          <reporter-output>
          </reporter-output>
        </test-method> <!-- tearDown -->
        <test-method is-config="true" signature="setUp()[pri:0, instance:com.orangehrm.tests.LoginPageTest@f79a760]" started-at="2024-09-16T13:44:16 IST" name="setUp" finished-at="2024-09-16T13:44:18 IST" duration-ms="1731" status="PASS">
          <reporter-output>
          </reporter-output>
        </test-method> <!-- setUp -->
        <test-method signature="logintest()[pri:2, instance:com.orangehrm.tests.LoginPageTest@f79a760]" started-at="2024-09-16T13:44:18 IST" name="logintest" finished-at="2024-09-16T13:44:26 IST" duration-ms="8447" status="PASS">
          <reporter-output>
          </reporter-output>
        </test-method> <!-- logintest -->
        <test-method is-config="true" signature="tearDown()[pri:0, instance:com.orangehrm.tests.LoginPageTest@f79a760]" started-at="2024-09-16T13:44:26 IST" name="tearDown" finished-at="2024-09-16T13:44:26 IST" duration-ms="324" status="PASS">
          <reporter-output>
          </reporter-output>
        </test-method> <!-- tearDown -->
        <test-method is-config="true" signature="setUp()[pri:0, instance:com.orangehrm.tests.LoginPageTest@f79a760]" started-at="2024-09-16T13:44:26 IST" name="setUp" finished-at="2024-09-16T13:44:28 IST" duration-ms="1732" status="PASS">
          <reporter-output>
          </reporter-output>
        </test-method> <!-- setUp -->
        <test-method signature="verifyLoginSuccessefull()[pri:3, instance:com.orangehrm.tests.LoginPageTest@f79a760]" started-at="2024-09-16T13:44:28 IST" name="verifyLoginSuccessefull" finished-at="2024-09-16T13:44:28 IST" duration-ms="19" status="PASS">
          <reporter-output>
          </reporter-output>
        </test-method> <!-- verifyLoginSuccessefull -->
        <test-method is-config="true" signature="tearDown()[pri:0, instance:com.orangehrm.tests.LoginPageTest@f79a760]" started-at="2024-09-16T13:44:28 IST" name="tearDown" finished-at="2024-09-16T13:44:28 IST" duration-ms="233" status="PASS">
          <reporter-output>
          </reporter-output>
        </test-method> <!-- tearDown -->
      </class> <!-- com.orangehrm.tests.LoginPageTest -->
    </test> <!-- Default test -->
  </suite> <!-- Default suite -->
</testng-results>
