<?xml version="1.0" encoding="UTF-8"?>
<!-- Generated by org.testng.reporters.JUnitXMLReporter -->
<testsuite ignored="0" hostname="DESKTOP-N7VUTHA" failures="0" tests="4" name="Default test" time="18.635" errors="0" timestamp="2024-09-16T13:44:28 IST">
  <testcase classname="com.orangehrm.tests.LoginPageTest" name="verifyCurrentUrl" time="0.027"/>
  <testcase classname="com.orangehrm.tests.LoginPageTest" name="verifyTitle" time="0.016"/>
  <testcase classname="com.orangehrm.tests.LoginPageTest" name="logintest" time="8.447"/>
  <testcase classname="com.orangehrm.tests.LoginPageTest" name="verifyLoginSuccessefull" time="0.019"/>
</testsuite> <!-- Default test -->
